Vivado Simulator 2018.2
Copyright 1986-1999, 2001-2018 Xilinx, Inc. All Rights Reserved.
Running: /opt/local/Xilinx/Vivado/2018.2/bin/unwrapped/lnx64.o/xelab -wto 189797f810984417b91d1567d3375c4b --incr --debug typical --relax --mt 8 -L work -L fifo_generator_v13_2_2 -L xil_defaultlib -L blk_mem_gen_v8_4_1 -L unisims_ver -L unimacro_ver -L secureip -L xpm --snapshot algorithm_tb_behav work.algorithm_tb work.glbl -log elaborate.log 
Using 8 slave threads.
Starting static elaboration
Completed static elaboration
Starting simulation data flow analysis
Completed simulation data flow analysis
Time Resolution for simulation is 1ps
Compiling package std.standard
Compiling package std.textio
Compiling package ieee.std_logic_1164
Compiling package ieee.numeric_std
Compiling package synopsys.attributes
Compiling package ieee.std_logic_misc
Compiling package work.tmux_params_pkg
Compiling package work.algo_pkg
Compiling package work.txt_util
Compiling package vl.vl_types
Compiling module work.glbl
Compiling architecture read_from_file of entity work.FILE_READ [\FILE_READ(stim_file="/data/rriv...]
Compiling architecture read_from_file of entity work.FILE_READ [\FILE_READ(stim_file="/data/rriv...]
Compiling architecture read_from_file of entity work.FILE_READ [\FILE_READ(stim_file="/data/rriv...]
Compiling architecture read_from_file of entity work.FILE_READ [\FILE_READ(stim_file="/data/rriv...]
Compiling architecture read_from_file of entity work.FILE_READ [\FILE_READ(stim_file="/data/rriv...]
Compiling architecture read_from_file of entity work.FILE_READ [\FILE_READ(stim_file="/data/rriv...]
Compiling architecture read_from_file of entity work.FILE_READ [\FILE_READ(stim_file="/data/rriv...]
Compiling architecture read_from_file of entity work.FILE_READ [\FILE_READ(stim_file="/data/rriv...]
Compiling architecture read_from_file of entity work.FILE_READ [\FILE_READ(stim_file="/data/rriv...]
Compiling architecture read_from_file of entity work.FILE_READ [\FILE_READ(stim_file="/data/rriv...]
Compiling architecture read_from_file of entity work.FILE_READ [\FILE_READ(stim_file="/data/rriv...]
Compiling architecture read_from_file of entity work.FILE_READ [\FILE_READ(stim_file="/data/rriv...]
Compiling architecture read_from_file of entity work.FILE_READ [\FILE_READ(stim_file="/data/rriv...]
Compiling architecture read_from_file of entity work.FILE_READ [\FILE_READ(stim_file="/data/rriv...]
Compiling architecture read_from_file of entity work.FILE_READ [\FILE_READ(stim_file="/data/rriv...]
Compiling architecture read_from_file of entity work.FILE_READ [\FILE_READ(stim_file="/data/rriv...]
Compiling architecture read_from_file of entity work.FILE_READ [\FILE_READ(stim_file="/data/rriv...]
Compiling architecture read_from_file of entity work.FILE_READ [\FILE_READ(stim_file="/data/rriv...]
Compiling architecture read_from_file of entity work.FILE_READ [\FILE_READ(stim_file="/data/rriv...]
Compiling architecture read_from_file of entity work.FILE_READ [\FILE_READ(stim_file="/data/rriv...]
Compiling architecture read_from_file of entity work.FILE_READ [\FILE_READ(stim_file="/data/rriv...]
Compiling architecture read_from_file of entity work.FILE_READ [\FILE_READ(stim_file="/data/rriv...]
Compiling architecture read_from_file of entity work.FILE_READ [\FILE_READ(stim_file="/data/rriv...]
Compiling architecture read_from_file of entity work.FILE_READ [\FILE_READ(stim_file="/data/rriv...]
Compiling architecture read_from_file of entity work.FILE_READ [\FILE_READ(stim_file="/data/rriv...]
Compiling architecture read_from_file of entity work.FILE_READ [\FILE_READ(stim_file="/data/rriv...]
Compiling architecture read_from_file of entity work.FILE_READ [\FILE_READ(stim_file="/data/rriv...]
Compiling architecture read_from_file of entity work.FILE_READ [\FILE_READ(stim_file="/data/rriv...]
Compiling architecture read_from_file of entity work.FILE_READ [\FILE_READ(stim_file="/data/rriv...]
Compiling architecture read_from_file of entity work.FILE_READ [\FILE_READ(stim_file="/data/rriv...]
Compiling architecture read_from_file of entity work.FILE_READ [\FILE_READ(stim_file="/data/rriv...]
Compiling architecture read_from_file of entity work.FILE_READ [\FILE_READ(stim_file="/data/rriv...]
Compiling architecture read_from_file of entity work.FILE_READ [\FILE_READ(stim_file="/data/rriv...]
Compiling architecture read_from_file of entity work.FILE_READ [\FILE_READ(stim_file="/data/rriv...]
Compiling architecture read_from_file of entity work.FILE_READ [\FILE_READ(stim_file="/data/rriv...]
Compiling architecture read_from_file of entity work.FILE_READ [\FILE_READ(stim_file="/data/rriv...]
Compiling architecture read_from_file of entity work.FILE_READ [\FILE_READ(stim_file="/data/rriv...]
Compiling architecture read_from_file of entity work.FILE_READ [\FILE_READ(stim_file="/data/rriv...]
Compiling architecture read_from_file of entity work.FILE_READ [\FILE_READ(stim_file="/data/rriv...]
Compiling architecture read_from_file of entity work.FILE_READ [\FILE_READ(stim_file="/data/rriv...]
Compiling architecture read_from_file of entity work.FILE_READ [\FILE_READ(stim_file="/data/rriv...]
Compiling architecture read_from_file of entity work.FILE_READ [\FILE_READ(stim_file="/data/rriv...]
Compiling module fifo_generator_v13_2_2.fifo_generator_v13_2_2_sync_stag...
Compiling module fifo_generator_v13_2_2.fifo_generator_v13_2_2_bhv_ver_a...
Compiling module fifo_generator_v13_2_2.fifo_generator_v13_2_2_bhv_ver_p...
Compiling module fifo_generator_v13_2_2.fifo_generator_v13_2_2_CONV_VER(...
Compiling module fifo_generator_v13_2_2.fifo_generator_vlog_beh(C_DATA_C...
Compiling module fifo_generator_v13_2_2.fifo_generator_v13_2_2(C_EN_SAFE...
Compiling module xil_defaultlib.raw_link_buffer_layer0
Compiling module blk_mem_gen_v8_4_1.blk_mem_gen_v8_4_1_output_stage(...
Compiling module blk_mem_gen_v8_4_1.blk_mem_gen_v8_4_1_output_stage(...
Compiling module blk_mem_gen_v8_4_1.blk_mem_gen_v8_4_1_softecc_outpu...
Compiling module blk_mem_gen_v8_4_1.blk_mem_gen_v8_4_1_mem_module(C_...
Compiling module blk_mem_gen_v8_4_1.blk_mem_axi_regs_fwd_v8_4(C_DATA...
Compiling module blk_mem_gen_v8_4_1.blk_mem_gen_v8_4_1(C_ELABORATION...
Compiling module xil_defaultlib.physics_object_bram
Compiling architecture behavioral of entity work.tmux_wrapper_layer1_buffer [tmux_wrapper_layer1_buffer_defau...]
Compiling architecture behavioral of entity work.tmux_wrapper_layer1_buffers [\tmux_wrapper_layer1_buffers(lin...]
Compiling architecture behavioral of entity work.tmux_wrapper_layer2_buffer [\tmux_wrapper_layer2_buffer(obje...]
Compiling architecture behavioral of entity work.tmux_wrapper_layer2_buffers [tmux_wrapper_layer2_buffers_defa...]
Compiling module unisims_ver.BUFG
Compiling module unisims_ver.MMCME2_ADV(CLKFBOUT_MULT_F=8.0,C...
Compiling module work.tmux_clocks_clk_wiz
Compiling module work.tmux_clocks
Compiling architecture arch of entity work.tmux_wrapper [tmux_wrapper_default]
Compiling architecture tb_architecture of entity work.algorithm_tb
Built simulation snapshot algorithm_tb_behav
