
*** Running vivado
    with args -log raw_link_buffer_layer0.vds -m64 -product Vivado -mode batch -messageDb vivado.pb -notrace -source raw_link_buffer_layer0.tcl


****** Vivado v2018.2 (64-bit)
  **** SW Build 2258646 on Thu Jun 14 20:02:38 MDT 2018
  **** IP Build 2256618 on Thu Jun 14 22:10:49 MDT 2018
    ** Copyright 1986-2018 Xilinx, Inc. All Rights Reserved.

source raw_link_buffer_layer0.tcl -notrace
Command: synth_design -top raw_link_buffer_layer0 -part xc7vx690tffg1927-2 -mode out_of_context
Starting synth_design
Attempting to get a license for feature 'Synthesis' and/or device 'xc7vx690t'
INFO: [Common 17-349] Got license for feature 'Synthesis' and/or device 'xc7vx690t'
INFO: Launching helper process for spawning children vivado processes
INFO: Helper process launched with PID 49888 
---------------------------------------------------------------------------------
Starting RTL Elaboration : Time (s): cpu = 00:00:06 ; elapsed = 00:00:27 . Memory (MB): peak = 1437.488 ; gain = 86.000 ; free physical = 27608 ; free virtual = 177400
---------------------------------------------------------------------------------
INFO: [Synth 8-638] synthesizing module 'raw_link_buffer_layer0' [/data/rrivera/CorrelatorTrigger/otsdaq-cms-firmware/tmux_regionizer/tmux_regionizer.srcs/sources_1/ip/raw_link_buffer_layer0/synth/raw_link_buffer_layer0.vhd:75]
	Parameter C_COMMON_CLOCK bound to: 0 - type: integer 
	Parameter C_SELECT_XPM bound to: 0 - type: integer 
	Parameter C_COUNT_TYPE bound to: 0 - type: integer 
	Parameter C_DATA_COUNT_WIDTH bound to: 9 - type: integer 
	Parameter C_DEFAULT_VALUE bound to: BlankString - type: string 
	Parameter C_DIN_WIDTH bound to: 64 - type: integer 
	Parameter C_DOUT_RST_VAL bound to: 0 - type: string 
	Parameter C_DOUT_WIDTH bound to: 64 - type: integer 
	Parameter C_ENABLE_RLOCS bound to: 0 - type: integer 
	Parameter C_FAMILY bound to: virtex7 - type: string 
	Parameter C_FULL_FLAGS_RST_VAL bound to: 0 - type: integer 
	Parameter C_HAS_ALMOST_EMPTY bound to: 0 - type: integer 
	Parameter C_HAS_ALMOST_FULL bound to: 0 - type: integer 
	Parameter C_HAS_BACKUP bound to: 0 - type: integer 
	Parameter C_HAS_DATA_COUNT bound to: 0 - type: integer 
	Parameter C_HAS_INT_CLK bound to: 0 - type: integer 
	Parameter C_HAS_MEMINIT_FILE bound to: 0 - type: integer 
	Parameter C_HAS_OVERFLOW bound to: 0 - type: integer 
	Parameter C_HAS_RD_DATA_COUNT bound to: 0 - type: integer 
	Parameter C_HAS_RD_RST bound to: 0 - type: integer 
	Parameter C_HAS_RST bound to: 1 - type: integer 
	Parameter C_HAS_SRST bound to: 0 - type: integer 
	Parameter C_HAS_UNDERFLOW bound to: 0 - type: integer 
	Parameter C_HAS_VALID bound to: 0 - type: integer 
	Parameter C_HAS_WR_ACK bound to: 0 - type: integer 
	Parameter C_HAS_WR_DATA_COUNT bound to: 0 - type: integer 
	Parameter C_HAS_WR_RST bound to: 0 - type: integer 
	Parameter C_IMPLEMENTATION_TYPE bound to: 2 - type: integer 
	Parameter C_INIT_WR_PNTR_VAL bound to: 0 - type: integer 
	Parameter C_MEMORY_TYPE bound to: 1 - type: integer 
	Parameter C_MIF_FILE_NAME bound to: BlankString - type: string 
	Parameter C_OPTIMIZATION_MODE bound to: 0 - type: integer 
	Parameter C_OVERFLOW_LOW bound to: 0 - type: integer 
	Parameter C_PRELOAD_LATENCY bound to: 0 - type: integer 
	Parameter C_PRELOAD_REGS bound to: 1 - type: integer 
	Parameter C_PRIM_FIFO_TYPE bound to: 512x72 - type: string 
	Parameter C_PROG_EMPTY_THRESH_ASSERT_VAL bound to: 4 - type: integer 
	Parameter C_PROG_EMPTY_THRESH_NEGATE_VAL bound to: 5 - type: integer 
	Parameter C_PROG_EMPTY_TYPE bound to: 0 - type: integer 
	Parameter C_PROG_FULL_THRESH_ASSERT_VAL bound to: 511 - type: integer 
	Parameter C_PROG_FULL_THRESH_NEGATE_VAL bound to: 510 - type: integer 
	Parameter C_PROG_FULL_TYPE bound to: 0 - type: integer 
	Parameter C_RD_DATA_COUNT_WIDTH bound to: 9 - type: integer 
	Parameter C_RD_DEPTH bound to: 512 - type: integer 
	Parameter C_RD_FREQ bound to: 1 - type: integer 
	Parameter C_RD_PNTR_WIDTH bound to: 9 - type: integer 
	Parameter C_UNDERFLOW_LOW bound to: 0 - type: integer 
	Parameter C_USE_DOUT_RST bound to: 1 - type: integer 
	Parameter C_USE_ECC bound to: 0 - type: integer 
	Parameter C_USE_EMBEDDED_REG bound to: 0 - type: integer 
	Parameter C_USE_PIPELINE_REG bound to: 0 - type: integer 
	Parameter C_POWER_SAVING_MODE bound to: 0 - type: integer 
	Parameter C_USE_FIFO16_FLAGS bound to: 0 - type: integer 
	Parameter C_USE_FWFT_DATA_COUNT bound to: 0 - type: integer 
	Parameter C_VALID_LOW bound to: 0 - type: integer 
	Parameter C_WR_ACK_LOW bound to: 0 - type: integer 
	Parameter C_WR_DATA_COUNT_WIDTH bound to: 9 - type: integer 
	Parameter C_WR_DEPTH bound to: 512 - type: integer 
	Parameter C_WR_FREQ bound to: 1 - type: integer 
	Parameter C_WR_PNTR_WIDTH bound to: 9 - type: integer 
	Parameter C_WR_RESPONSE_LATENCY bound to: 1 - type: integer 
	Parameter C_MSGON_VAL bound to: 1 - type: integer 
	Parameter C_ENABLE_RST_SYNC bound to: 1 - type: integer 
	Parameter C_EN_SAFETY_CKT bound to: 1 - type: integer 
	Parameter C_ERROR_INJECTION_TYPE bound to: 0 - type: integer 
	Parameter C_SYNCHRONIZER_STAGE bound to: 2 - type: integer 
	Parameter C_INTERFACE_TYPE bound to: 0 - type: integer 
	Parameter C_AXI_TYPE bound to: 1 - type: integer 
	Parameter C_HAS_AXI_WR_CHANNEL bound to: 1 - type: integer 
	Parameter C_HAS_AXI_RD_CHANNEL bound to: 1 - type: integer 
	Parameter C_HAS_SLAVE_CE bound to: 0 - type: integer 
	Parameter C_HAS_MASTER_CE bound to: 0 - type: integer 
	Parameter C_ADD_NGC_CONSTRAINT bound to: 0 - type: integer 
	Parameter C_USE_COMMON_OVERFLOW bound to: 0 - type: integer 
	Parameter C_USE_COMMON_UNDERFLOW bound to: 0 - type: integer 
	Parameter C_USE_DEFAULT_SETTINGS bound to: 0 - type: integer 
	Parameter C_AXI_ID_WIDTH bound to: 1 - type: integer 
	Parameter C_AXI_ADDR_WIDTH bound to: 32 - type: integer 
	Parameter C_AXI_DATA_WIDTH bound to: 64 - type: integer 
	Parameter C_AXI_LEN_WIDTH bound to: 8 - type: integer 
	Parameter C_AXI_LOCK_WIDTH bound to: 1 - type: integer 
	Parameter C_HAS_AXI_ID bound to: 0 - type: integer 
	Parameter C_HAS_AXI_AWUSER bound to: 0 - type: integer 
	Parameter C_HAS_AXI_WUSER bound to: 0 - type: integer 
	Parameter C_HAS_AXI_BUSER bound to: 0 - type: integer 
	Parameter C_HAS_AXI_ARUSER bound to: 0 - type: integer 
	Parameter C_HAS_AXI_RUSER bound to: 0 - type: integer 
	Parameter C_AXI_ARUSER_WIDTH bound to: 1 - type: integer 
	Parameter C_AXI_AWUSER_WIDTH bound to: 1 - type: integer 
	Parameter C_AXI_WUSER_WIDTH bound to: 1 - type: integer 
	Parameter C_AXI_BUSER_WIDTH bound to: 1 - type: integer 
	Parameter C_AXI_RUSER_WIDTH bound to: 1 - type: integer 
	Parameter C_HAS_AXIS_TDATA bound to: 1 - type: integer 
	Parameter C_HAS_AXIS_TID bound to: 0 - type: integer 
	Parameter C_HAS_AXIS_TDEST bound to: 0 - type: integer 
	Parameter C_HAS_AXIS_TUSER bound to: 1 - type: integer 
	Parameter C_HAS_AXIS_TREADY bound to: 1 - type: integer 
	Parameter C_HAS_AXIS_TLAST bound to: 0 - type: integer 
	Parameter C_HAS_AXIS_TSTRB bound to: 0 - type: integer 
	Parameter C_HAS_AXIS_TKEEP bound to: 0 - type: integer 
	Parameter C_AXIS_TDATA_WIDTH bound to: 8 - type: integer 
	Parameter C_AXIS_TID_WIDTH bound to: 1 - type: integer 
	Parameter C_AXIS_TDEST_WIDTH bound to: 1 - type: integer 
	Parameter C_AXIS_TUSER_WIDTH bound to: 4 - type: integer 
	Parameter C_AXIS_TSTRB_WIDTH bound to: 1 - type: integer 
	Parameter C_AXIS_TKEEP_WIDTH bound to: 1 - type: integer 
	Parameter C_WACH_TYPE bound to: 0 - type: integer 
	Parameter C_WDCH_TYPE bound to: 0 - type: integer 
	Parameter C_WRCH_TYPE bound to: 0 - type: integer 
	Parameter C_RACH_TYPE bound to: 0 - type: integer 
	Parameter C_RDCH_TYPE bound to: 0 - type: integer 
	Parameter C_AXIS_TYPE bound to: 0 - type: integer 
	Parameter C_IMPLEMENTATION_TYPE_WACH bound to: 1 - type: integer 
	Parameter C_IMPLEMENTATION_TYPE_WDCH bound to: 1 - type: integer 
	Parameter C_IMPLEMENTATION_TYPE_WRCH bound to: 1 - type: integer 
	Parameter C_IMPLEMENTATION_TYPE_RACH bound to: 1 - type: integer 
	Parameter C_IMPLEMENTATION_TYPE_RDCH bound to: 1 - type: integer 
	Parameter C_IMPLEMENTATION_TYPE_AXIS bound to: 1 - type: integer 
	Parameter C_APPLICATION_TYPE_WACH bound to: 0 - type: integer 
	Parameter C_APPLICATION_TYPE_WDCH bound to: 0 - type: integer 
	Parameter C_APPLICATION_TYPE_WRCH bound to: 0 - type: integer 
	Parameter C_APPLICATION_TYPE_RACH bound to: 0 - type: integer 
	Parameter C_APPLICATION_TYPE_RDCH bound to: 0 - type: integer 
	Parameter C_APPLICATION_TYPE_AXIS bound to: 0 - type: integer 
	Parameter C_PRIM_FIFO_TYPE_WACH bound to: 512x36 - type: string 
	Parameter C_PRIM_FIFO_TYPE_WDCH bound to: 1kx36 - type: string 
	Parameter C_PRIM_FIFO_TYPE_WRCH bound to: 512x36 - type: string 
	Parameter C_PRIM_FIFO_TYPE_RACH bound to: 512x36 - type: string 
	Parameter C_PRIM_FIFO_TYPE_RDCH bound to: 1kx36 - type: string 
	Parameter C_PRIM_FIFO_TYPE_AXIS bound to: 1kx18 - type: string 
	Parameter C_USE_ECC_WACH bound to: 0 - type: integer 
	Parameter C_USE_ECC_WDCH bound to: 0 - type: integer 
	Parameter C_USE_ECC_WRCH bound to: 0 - type: integer 
	Parameter C_USE_ECC_RACH bound to: 0 - type: integer 
	Parameter C_USE_ECC_RDCH bound to: 0 - type: integer 
	Parameter C_USE_ECC_AXIS bound to: 0 - type: integer 
	Parameter C_ERROR_INJECTION_TYPE_WACH bound to: 0 - type: integer 
	Parameter C_ERROR_INJECTION_TYPE_WDCH bound to: 0 - type: integer 
	Parameter C_ERROR_INJECTION_TYPE_WRCH bound to: 0 - type: integer 
	Parameter C_ERROR_INJECTION_TYPE_RACH bound to: 0 - type: integer 
	Parameter C_ERROR_INJECTION_TYPE_RDCH bound to: 0 - type: integer 
	Parameter C_ERROR_INJECTION_TYPE_AXIS bound to: 0 - type: integer 
	Parameter C_DIN_WIDTH_WACH bound to: 1 - type: integer 
	Parameter C_DIN_WIDTH_WDCH bound to: 64 - type: integer 
	Parameter C_DIN_WIDTH_WRCH bound to: 2 - type: integer 
	Parameter C_DIN_WIDTH_RACH bound to: 32 - type: integer 
	Parameter C_DIN_WIDTH_RDCH bound to: 64 - type: integer 
	Parameter C_DIN_WIDTH_AXIS bound to: 1 - type: integer 
	Parameter C_WR_DEPTH_WACH bound to: 16 - type: integer 
	Parameter C_WR_DEPTH_WDCH bound to: 1024 - type: integer 
	Parameter C_WR_DEPTH_WRCH bound to: 16 - type: integer 
	Parameter C_WR_DEPTH_RACH bound to: 16 - type: integer 
	Parameter C_WR_DEPTH_RDCH bound to: 1024 - type: integer 
	Parameter C_WR_DEPTH_AXIS bound to: 1024 - type: integer 
	Parameter C_WR_PNTR_WIDTH_WACH bound to: 4 - type: integer 
	Parameter C_WR_PNTR_WIDTH_WDCH bound to: 10 - type: integer 
	Parameter C_WR_PNTR_WIDTH_WRCH bound to: 4 - type: integer 
	Parameter C_WR_PNTR_WIDTH_RACH bound to: 4 - type: integer 
	Parameter C_WR_PNTR_WIDTH_RDCH bound to: 10 - type: integer 
	Parameter C_WR_PNTR_WIDTH_AXIS bound to: 10 - type: integer 
	Parameter C_HAS_DATA_COUNTS_WACH bound to: 0 - type: integer 
	Parameter C_HAS_DATA_COUNTS_WDCH bound to: 0 - type: integer 
	Parameter C_HAS_DATA_COUNTS_WRCH bound to: 0 - type: integer 
	Parameter C_HAS_DATA_COUNTS_RACH bound to: 0 - type: integer 
	Parameter C_HAS_DATA_COUNTS_RDCH bound to: 0 - type: integer 
	Parameter C_HAS_DATA_COUNTS_AXIS bound to: 0 - type: integer 
	Parameter C_HAS_PROG_FLAGS_WACH bound to: 0 - type: integer 
	Parameter C_HAS_PROG_FLAGS_WDCH bound to: 0 - type: integer 
	Parameter C_HAS_PROG_FLAGS_WRCH bound to: 0 - type: integer 
	Parameter C_HAS_PROG_FLAGS_RACH bound to: 0 - type: integer 
	Parameter C_HAS_PROG_FLAGS_RDCH bound to: 0 - type: integer 
	Parameter C_HAS_PROG_FLAGS_AXIS bound to: 0 - type: integer 
	Parameter C_PROG_FULL_TYPE_WACH bound to: 0 - type: integer 
	Parameter C_PROG_FULL_TYPE_WDCH bound to: 0 - type: integer 
	Parameter C_PROG_FULL_TYPE_WRCH bound to: 0 - type: integer 
	Parameter C_PROG_FULL_TYPE_RACH bound to: 0 - type: integer 
	Parameter C_PROG_FULL_TYPE_RDCH bound to: 0 - type: integer 
	Parameter C_PROG_FULL_TYPE_AXIS bound to: 0 - type: integer 
	Parameter C_PROG_FULL_THRESH_ASSERT_VAL_WACH bound to: 1023 - type: integer 
	Parameter C_PROG_FULL_THRESH_ASSERT_VAL_WDCH bound to: 1023 - type: integer 
	Parameter C_PROG_FULL_THRESH_ASSERT_VAL_WRCH bound to: 1023 - type: integer 
	Parameter C_PROG_FULL_THRESH_ASSERT_VAL_RACH bound to: 1023 - type: integer 
	Parameter C_PROG_FULL_THRESH_ASSERT_VAL_RDCH bound to: 1023 - type: integer 
	Parameter C_PROG_FULL_THRESH_ASSERT_VAL_AXIS bound to: 1023 - type: integer 
	Parameter C_PROG_EMPTY_TYPE_WACH bound to: 0 - type: integer 
	Parameter C_PROG_EMPTY_TYPE_WDCH bound to: 0 - type: integer 
	Parameter C_PROG_EMPTY_TYPE_WRCH bound to: 0 - type: integer 
	Parameter C_PROG_EMPTY_TYPE_RACH bound to: 0 - type: integer 
	Parameter C_PROG_EMPTY_TYPE_RDCH bound to: 0 - type: integer 
	Parameter C_PROG_EMPTY_TYPE_AXIS bound to: 0 - type: integer 
	Parameter C_PROG_EMPTY_THRESH_ASSERT_VAL_WACH bound to: 1022 - type: integer 
	Parameter C_PROG_EMPTY_THRESH_ASSERT_VAL_WDCH bound to: 1022 - type: integer 
	Parameter C_PROG_EMPTY_THRESH_ASSERT_VAL_WRCH bound to: 1022 - type: integer 
	Parameter C_PROG_EMPTY_THRESH_ASSERT_VAL_RACH bound to: 1022 - type: integer 
	Parameter C_PROG_EMPTY_THRESH_ASSERT_VAL_RDCH bound to: 1022 - type: integer 
	Parameter C_PROG_EMPTY_THRESH_ASSERT_VAL_AXIS bound to: 1022 - type: integer 
	Parameter C_REG_SLICE_MODE_WACH bound to: 0 - type: integer 
	Parameter C_REG_SLICE_MODE_WDCH bound to: 0 - type: integer 
	Parameter C_REG_SLICE_MODE_WRCH bound to: 0 - type: integer 
	Parameter C_REG_SLICE_MODE_RACH bound to: 0 - type: integer 
	Parameter C_REG_SLICE_MODE_RDCH bound to: 0 - type: integer 
	Parameter C_REG_SLICE_MODE_AXIS bound to: 0 - type: integer 
INFO: [Synth 8-3491] module 'fifo_generator_v13_2_2' declared at '/data/rrivera/CorrelatorTrigger/otsdaq-cms-firmware/tmux_regionizer/tmux_regionizer.srcs/sources_1/ip/raw_link_buffer_layer0/hdl/fifo_generator_v13_2_vhsyn_rfs.vhd:38483' bound to instance 'U0' of component 'fifo_generator_v13_2_2' [/data/rrivera/CorrelatorTrigger/otsdaq-cms-firmware/tmux_regionizer/tmux_regionizer.srcs/sources_1/ip/raw_link_buffer_layer0/synth/raw_link_buffer_layer0.vhd:545]
INFO: [Synth 8-6157] synthesizing module 'xpm_cdc_sync_rst' [/opt/local/Xilinx/Vivado/2018.2/data/ip/xpm/xpm_cdc/hdl/xpm_cdc.sv:1055]
INFO: [Synth 8-5534] Detected attribute (* ASYNC_REG = "TRUE" *) [/opt/local/Xilinx/Vivado/2018.2/data/ip/xpm/xpm_cdc/hdl/xpm_cdc.sv:1107]
INFO: [Synth 8-6155] done synthesizing module 'xpm_cdc_sync_rst' (1#1) [/opt/local/Xilinx/Vivado/2018.2/data/ip/xpm/xpm_cdc/hdl/xpm_cdc.sv:1055]
INFO: [Synth 8-6157] synthesizing module 'xpm_cdc_single' [/opt/local/Xilinx/Vivado/2018.2/data/ip/xpm/xpm_cdc/hdl/xpm_cdc.sv:153]
INFO: [Synth 8-5534] Detected attribute (* ASYNC_REG = "TRUE" *) [/opt/local/Xilinx/Vivado/2018.2/data/ip/xpm/xpm_cdc/hdl/xpm_cdc.sv:205]
INFO: [Synth 8-6155] done synthesizing module 'xpm_cdc_single' (2#1) [/opt/local/Xilinx/Vivado/2018.2/data/ip/xpm/xpm_cdc/hdl/xpm_cdc.sv:153]
INFO: [Synth 8-6157] synthesizing module 'xpm_cdc_sync_rst__parameterized0' [/opt/local/Xilinx/Vivado/2018.2/data/ip/xpm/xpm_cdc/hdl/xpm_cdc.sv:1055]
INFO: [Synth 8-6155] done synthesizing module 'xpm_cdc_sync_rst__parameterized0' (2#1) [/opt/local/Xilinx/Vivado/2018.2/data/ip/xpm/xpm_cdc/hdl/xpm_cdc.sv:1055]
INFO: [Synth 8-6157] synthesizing module 'xpm_cdc_gray' [/opt/local/Xilinx/Vivado/2018.2/data/ip/xpm/xpm_cdc/hdl/xpm_cdc.sv:284]
INFO: [Synth 8-5534] Detected attribute (* ASYNC_REG = "TRUE" *) [/opt/local/Xilinx/Vivado/2018.2/data/ip/xpm/xpm_cdc/hdl/xpm_cdc.sv:358]
INFO: [Synth 8-6155] done synthesizing module 'xpm_cdc_gray' (14#1) [/opt/local/Xilinx/Vivado/2018.2/data/ip/xpm/xpm_cdc/hdl/xpm_cdc.sv:284]
INFO: [Synth 8-256] done synthesizing module 'raw_link_buffer_layer0' (29#1) [/data/rrivera/CorrelatorTrigger/otsdaq-cms-firmware/tmux_regionizer/tmux_regionizer.srcs/sources_1/ip/raw_link_buffer_layer0/synth/raw_link_buffer_layer0.vhd:75]
WARNING: [Synth 8-3331] design wr_status_flags_as has unconnected port WR_RST
WARNING: [Synth 8-3331] design wr_status_flags_as has unconnected port RST_FULL_FF
WARNING: [Synth 8-3331] design wr_status_flags_as has unconnected port SAFETY_CKT_WR_RST
WARNING: [Synth 8-3331] design wr_status_flags_as has unconnected port WR_PNTR_PLUS3[8]
WARNING: [Synth 8-3331] design wr_status_flags_as has unconnected port WR_PNTR_PLUS3[7]
WARNING: [Synth 8-3331] design wr_status_flags_as has unconnected port WR_PNTR_PLUS3[6]
WARNING: [Synth 8-3331] design wr_status_flags_as has unconnected port WR_PNTR_PLUS3[5]
WARNING: [Synth 8-3331] design wr_status_flags_as has unconnected port WR_PNTR_PLUS3[4]
WARNING: [Synth 8-3331] design wr_status_flags_as has unconnected port WR_PNTR_PLUS3[3]
WARNING: [Synth 8-3331] design wr_status_flags_as has unconnected port WR_PNTR_PLUS3[2]
WARNING: [Synth 8-3331] design wr_status_flags_as has unconnected port WR_PNTR_PLUS3[1]
WARNING: [Synth 8-3331] design wr_status_flags_as has unconnected port WR_PNTR_PLUS3[0]
WARNING: [Synth 8-3331] design wr_bin_cntr has unconnected port RST
WARNING: [Synth 8-3331] design wr_logic has unconnected port WR_EN_INTO_LOGIC
WARNING: [Synth 8-3331] design wr_logic has unconnected port WR_RST_INTO_LOGIC
WARNING: [Synth 8-3331] design wr_logic has unconnected port RD_EN
WARNING: [Synth 8-3331] design wr_logic has unconnected port SRST_FULL_FF
WARNING: [Synth 8-3331] design wr_logic has unconnected port WR_RST_BUSY
WARNING: [Synth 8-3331] design wr_logic has unconnected port EMPTY
WARNING: [Synth 8-3331] design wr_logic has unconnected port RAM_RD_EN
WARNING: [Synth 8-3331] design wr_logic has unconnected port ALMOST_EMPTY
WARNING: [Synth 8-3331] design wr_logic has unconnected port PROG_FULL_THRESH[8]
WARNING: [Synth 8-3331] design wr_logic has unconnected port PROG_FULL_THRESH[7]
WARNING: [Synth 8-3331] design wr_logic has unconnected port PROG_FULL_THRESH[6]
WARNING: [Synth 8-3331] design wr_logic has unconnected port PROG_FULL_THRESH[5]
WARNING: [Synth 8-3331] design wr_logic has unconnected port PROG_FULL_THRESH[4]
WARNING: [Synth 8-3331] design wr_logic has unconnected port PROG_FULL_THRESH[3]
WARNING: [Synth 8-3331] design wr_logic has unconnected port PROG_FULL_THRESH[2]
WARNING: [Synth 8-3331] design wr_logic has unconnected port PROG_FULL_THRESH[1]
WARNING: [Synth 8-3331] design wr_logic has unconnected port PROG_FULL_THRESH[0]
WARNING: [Synth 8-3331] design wr_logic has unconnected port PROG_FULL_THRESH_ASSERT[8]
WARNING: [Synth 8-3331] design wr_logic has unconnected port PROG_FULL_THRESH_ASSERT[7]
WARNING: [Synth 8-3331] design wr_logic has unconnected port PROG_FULL_THRESH_ASSERT[6]
WARNING: [Synth 8-3331] design wr_logic has unconnected port PROG_FULL_THRESH_ASSERT[5]
WARNING: [Synth 8-3331] design wr_logic has unconnected port PROG_FULL_THRESH_ASSERT[4]
WARNING: [Synth 8-3331] design wr_logic has unconnected port PROG_FULL_THRESH_ASSERT[3]
WARNING: [Synth 8-3331] design wr_logic has unconnected port PROG_FULL_THRESH_ASSERT[2]
WARNING: [Synth 8-3331] design wr_logic has unconnected port PROG_FULL_THRESH_ASSERT[1]
WARNING: [Synth 8-3331] design wr_logic has unconnected port PROG_FULL_THRESH_ASSERT[0]
WARNING: [Synth 8-3331] design wr_logic has unconnected port PROG_FULL_THRESH_NEGATE[8]
WARNING: [Synth 8-3331] design wr_logic has unconnected port PROG_FULL_THRESH_NEGATE[7]
WARNING: [Synth 8-3331] design wr_logic has unconnected port PROG_FULL_THRESH_NEGATE[6]
WARNING: [Synth 8-3331] design wr_logic has unconnected port PROG_FULL_THRESH_NEGATE[5]
WARNING: [Synth 8-3331] design wr_logic has unconnected port PROG_FULL_THRESH_NEGATE[4]
WARNING: [Synth 8-3331] design wr_logic has unconnected port PROG_FULL_THRESH_NEGATE[3]
WARNING: [Synth 8-3331] design wr_logic has unconnected port PROG_FULL_THRESH_NEGATE[2]
WARNING: [Synth 8-3331] design wr_logic has unconnected port PROG_FULL_THRESH_NEGATE[1]
WARNING: [Synth 8-3331] design wr_logic has unconnected port PROG_FULL_THRESH_NEGATE[0]
WARNING: [Synth 8-3331] design rd_fwft has unconnected port RD_RST
WARNING: [Synth 8-3331] design rd_fwft has unconnected port SAFETY_CKT_RD_RST
WARNING: [Synth 8-3331] design rd_fwft has unconnected port RAM_ALMOST_EMPTY
WARNING: [Synth 8-3331] design rd_status_flags_as has unconnected port RD_RST
WARNING: [Synth 8-3331] design rd_status_flags_as has unconnected port SAFETY_CKT_RD_RST
WARNING: [Synth 8-3331] design rd_status_flags_as has unconnected port RD_PNTR_PLUS2[8]
WARNING: [Synth 8-3331] design rd_status_flags_as has unconnected port RD_PNTR_PLUS2[7]
WARNING: [Synth 8-3331] design rd_status_flags_as has unconnected port RD_PNTR_PLUS2[6]
WARNING: [Synth 8-3331] design rd_status_flags_as has unconnected port RD_PNTR_PLUS2[5]
WARNING: [Synth 8-3331] design rd_status_flags_as has unconnected port RD_PNTR_PLUS2[4]
WARNING: [Synth 8-3331] design rd_status_flags_as has unconnected port RD_PNTR_PLUS2[3]
WARNING: [Synth 8-3331] design rd_status_flags_as has unconnected port RD_PNTR_PLUS2[2]
WARNING: [Synth 8-3331] design rd_status_flags_as has unconnected port RD_PNTR_PLUS2[1]
WARNING: [Synth 8-3331] design rd_status_flags_as has unconnected port RD_PNTR_PLUS2[0]
WARNING: [Synth 8-3331] design rd_bin_cntr has unconnected port RST
WARNING: [Synth 8-3331] design rd_logic has unconnected port RD_EN_INTO_LOGIC
WARNING: [Synth 8-3331] design rd_logic has unconnected port RD_RST_INTO_LOGIC
WARNING: [Synth 8-3331] design rd_logic has unconnected port RD_RST_BUSY
WARNING: [Synth 8-3331] design rd_logic has unconnected port RAM_WR_EN
WARNING: [Synth 8-3331] design rd_logic has unconnected port RST_FULL_FF
WARNING: [Synth 8-3331] design rd_logic has unconnected port ALMOST_FULL_FB
WARNING: [Synth 8-3331] design rd_logic has unconnected port FULL
WARNING: [Synth 8-3331] design rd_logic has unconnected port WR_PNTR_PLUS1_RD[8]
WARNING: [Synth 8-3331] design rd_logic has unconnected port WR_PNTR_PLUS1_RD[7]
WARNING: [Synth 8-3331] design rd_logic has unconnected port WR_PNTR_PLUS1_RD[6]
WARNING: [Synth 8-3331] design rd_logic has unconnected port WR_PNTR_PLUS1_RD[5]
WARNING: [Synth 8-3331] design rd_logic has unconnected port WR_PNTR_PLUS1_RD[4]
WARNING: [Synth 8-3331] design rd_logic has unconnected port WR_PNTR_PLUS1_RD[3]
WARNING: [Synth 8-3331] design rd_logic has unconnected port WR_PNTR_PLUS1_RD[2]
WARNING: [Synth 8-3331] design rd_logic has unconnected port WR_PNTR_PLUS1_RD[1]
WARNING: [Synth 8-3331] design rd_logic has unconnected port WR_PNTR_PLUS1_RD[0]
WARNING: [Synth 8-3331] design rd_logic has unconnected port PROG_EMPTY_THRESH[8]
WARNING: [Synth 8-3331] design rd_logic has unconnected port PROG_EMPTY_THRESH[7]
WARNING: [Synth 8-3331] design rd_logic has unconnected port PROG_EMPTY_THRESH[6]
WARNING: [Synth 8-3331] design rd_logic has unconnected port PROG_EMPTY_THRESH[5]
WARNING: [Synth 8-3331] design rd_logic has unconnected port PROG_EMPTY_THRESH[4]
WARNING: [Synth 8-3331] design rd_logic has unconnected port PROG_EMPTY_THRESH[3]
WARNING: [Synth 8-3331] design rd_logic has unconnected port PROG_EMPTY_THRESH[2]
WARNING: [Synth 8-3331] design rd_logic has unconnected port PROG_EMPTY_THRESH[1]
WARNING: [Synth 8-3331] design rd_logic has unconnected port PROG_EMPTY_THRESH[0]
WARNING: [Synth 8-3331] design rd_logic has unconnected port PROG_EMPTY_THRESH_ASSERT[8]
WARNING: [Synth 8-3331] design rd_logic has unconnected port PROG_EMPTY_THRESH_ASSERT[7]
WARNING: [Synth 8-3331] design rd_logic has unconnected port PROG_EMPTY_THRESH_ASSERT[6]
WARNING: [Synth 8-3331] design rd_logic has unconnected port PROG_EMPTY_THRESH_ASSERT[5]
WARNING: [Synth 8-3331] design rd_logic has unconnected port PROG_EMPTY_THRESH_ASSERT[4]
WARNING: [Synth 8-3331] design rd_logic has unconnected port PROG_EMPTY_THRESH_ASSERT[3]
WARNING: [Synth 8-3331] design rd_logic has unconnected port PROG_EMPTY_THRESH_ASSERT[2]
WARNING: [Synth 8-3331] design rd_logic has unconnected port PROG_EMPTY_THRESH_ASSERT[1]
WARNING: [Synth 8-3331] design rd_logic has unconnected port PROG_EMPTY_THRESH_ASSERT[0]
WARNING: [Synth 8-3331] design rd_logic has unconnected port PROG_EMPTY_THRESH_NEGATE[8]
WARNING: [Synth 8-3331] design rd_logic has unconnected port PROG_EMPTY_THRESH_NEGATE[7]
WARNING: [Synth 8-3331] design rd_logic has unconnected port PROG_EMPTY_THRESH_NEGATE[6]
INFO: [Common 17-14] Message 'Synth 8-3331' appears 100 times and further instances of the messages will be disabled. Use the Tcl command set_msg_config to change the current settings.
---------------------------------------------------------------------------------
Finished RTL Elaboration : Time (s): cpu = 00:00:56 ; elapsed = 00:01:38 . Memory (MB): peak = 1662.641 ; gain = 311.152 ; free physical = 27586 ; free virtual = 177379
---------------------------------------------------------------------------------

Report Check Netlist: 
+------+------------------+-------+---------+-------+------------------+
|      |Item              |Errors |Warnings |Status |Description       |
+------+------------------+-------+---------+-------+------------------+
|1     |multi_driven_nets |      0|        0|Passed |Multi driven nets |
+------+------------------+-------+---------+-------+------------------+
---------------------------------------------------------------------------------
Start Handling Custom Attributes
---------------------------------------------------------------------------------
---------------------------------------------------------------------------------
Finished Handling Custom Attributes : Time (s): cpu = 00:00:56 ; elapsed = 00:01:39 . Memory (MB): peak = 1662.641 ; gain = 311.152 ; free physical = 27594 ; free virtual = 177387
---------------------------------------------------------------------------------
---------------------------------------------------------------------------------
Finished RTL Optimization Phase 1 : Time (s): cpu = 00:00:56 ; elapsed = 00:01:39 . Memory (MB): peak = 1662.641 ; gain = 311.152 ; free physical = 27594 ; free virtual = 177387
---------------------------------------------------------------------------------
INFO: [Netlist 29-17] Analyzing 21 Unisim elements for replacement
INFO: [Netlist 29-28] Unisim Transformation completed in 0 CPU seconds
INFO: [Device 21-403] Loading part xc7vx690tffg1927-2
INFO: [Project 1-570] Preparing netlist for logic optimization

Processing XDC Constraints
Initializing timing engine
Parsing XDC File [/data/rrivera/CorrelatorTrigger/otsdaq-cms-firmware/tmux_regionizer/tmux_regionizer.srcs/sources_1/ip/raw_link_buffer_layer0/raw_link_buffer_layer0_ooc.xdc] for cell 'U0'
Finished Parsing XDC File [/data/rrivera/CorrelatorTrigger/otsdaq-cms-firmware/tmux_regionizer/tmux_regionizer.srcs/sources_1/ip/raw_link_buffer_layer0/raw_link_buffer_layer0_ooc.xdc] for cell 'U0'
Parsing XDC File [/data/rrivera/CorrelatorTrigger/otsdaq-cms-firmware/tmux_regionizer/tmux_regionizer.srcs/sources_1/ip/raw_link_buffer_layer0/raw_link_buffer_layer0.xdc] for cell 'U0'
Finished Parsing XDC File [/data/rrivera/CorrelatorTrigger/otsdaq-cms-firmware/tmux_regionizer/tmux_regionizer.srcs/sources_1/ip/raw_link_buffer_layer0/raw_link_buffer_layer0.xdc] for cell 'U0'
Parsing XDC File [/data/rrivera/CorrelatorTrigger/otsdaq-cms-firmware/tmux_regionizer/tmux_regionizer.runs/raw_link_buffer_layer0_synth_1/dont_touch.xdc]
Finished Parsing XDC File [/data/rrivera/CorrelatorTrigger/otsdaq-cms-firmware/tmux_regionizer/tmux_regionizer.runs/raw_link_buffer_layer0_synth_1/dont_touch.xdc]
Parsing XDC File [/data/rrivera/CorrelatorTrigger/otsdaq-cms-firmware/tmux_regionizer/tmux_regionizer.srcs/sources_1/ip/raw_link_buffer_layer0/raw_link_buffer_layer0_clocks.xdc] for cell 'U0'
Finished Parsing XDC File [/data/rrivera/CorrelatorTrigger/otsdaq-cms-firmware/tmux_regionizer/tmux_regionizer.srcs/sources_1/ip/raw_link_buffer_layer0/raw_link_buffer_layer0_clocks.xdc] for cell 'U0'
Sourcing Tcl File [/opt/local/Xilinx/Vivado/2018.2/data/ip/xpm/xpm_cdc/tcl/xpm_cdc_gray.tcl] for cell 'U0/inst_fifo_gen/gconvfifo.rf/grf.rf/gntv_or_sync_fifo.gcx.clkx/rd_pntr_cdc_inst'
Finished Sourcing Tcl File [/opt/local/Xilinx/Vivado/2018.2/data/ip/xpm/xpm_cdc/tcl/xpm_cdc_gray.tcl] for cell 'U0/inst_fifo_gen/gconvfifo.rf/grf.rf/gntv_or_sync_fifo.gcx.clkx/rd_pntr_cdc_inst'
Sourcing Tcl File [/opt/local/Xilinx/Vivado/2018.2/data/ip/xpm/xpm_cdc/tcl/xpm_cdc_gray.tcl] for cell 'U0/inst_fifo_gen/gconvfifo.rf/grf.rf/gntv_or_sync_fifo.gcx.clkx/wr_pntr_cdc_inst'
Finished Sourcing Tcl File [/opt/local/Xilinx/Vivado/2018.2/data/ip/xpm/xpm_cdc/tcl/xpm_cdc_gray.tcl] for cell 'U0/inst_fifo_gen/gconvfifo.rf/grf.rf/gntv_or_sync_fifo.gcx.clkx/wr_pntr_cdc_inst'
INFO: [Project 1-236] Implementation specific constraints were found while reading constraint file [/opt/local/Xilinx/Vivado/2018.2/data/ip/xpm/xpm_cdc/tcl/xpm_cdc_gray.tcl]. These constraints will be ignored for synthesis but will be used in implementation. Impacted constraints are listed in the file [.Xil/raw_link_buffer_layer0_propImpl.xdc].
Resolution: To avoid this warning, move constraints listed in [.Xil/raw_link_buffer_layer0_propImpl.xdc] to another XDC file and exclude this new file from synthesis with the used_in_synthesis property (File Properties dialog in GUI) and re-run elaboration/synthesis.
Sourcing Tcl File [/opt/local/Xilinx/Vivado/2018.2/data/ip/xpm/xpm_cdc/tcl/xpm_cdc_single.tcl] for cell 'U0/inst_fifo_gen/gconvfifo.rf/grf.rf/rstblk/ngwrdrst.grst.g7serrst.gsckt_wrst.gic_rst.xpm_cdc_single_inst_rrst_wr'
Finished Sourcing Tcl File [/opt/local/Xilinx/Vivado/2018.2/data/ip/xpm/xpm_cdc/tcl/xpm_cdc_single.tcl] for cell 'U0/inst_fifo_gen/gconvfifo.rf/grf.rf/rstblk/ngwrdrst.grst.g7serrst.gsckt_wrst.gic_rst.xpm_cdc_single_inst_rrst_wr'
Sourcing Tcl File [/opt/local/Xilinx/Vivado/2018.2/data/ip/xpm/xpm_cdc/tcl/xpm_cdc_single.tcl] for cell 'U0/inst_fifo_gen/gconvfifo.rf/grf.rf/rstblk/ngwrdrst.grst.g7serrst.gsckt_wrst.gic_rst.xpm_cdc_single_inst_wrst_rd'
Finished Sourcing Tcl File [/opt/local/Xilinx/Vivado/2018.2/data/ip/xpm/xpm_cdc/tcl/xpm_cdc_single.tcl] for cell 'U0/inst_fifo_gen/gconvfifo.rf/grf.rf/rstblk/ngwrdrst.grst.g7serrst.gsckt_wrst.gic_rst.xpm_cdc_single_inst_wrst_rd'
INFO: [Project 1-236] Implementation specific constraints were found while reading constraint file [/opt/local/Xilinx/Vivado/2018.2/data/ip/xpm/xpm_cdc/tcl/xpm_cdc_single.tcl]. These constraints will be ignored for synthesis but will be used in implementation. Impacted constraints are listed in the file [.Xil/raw_link_buffer_layer0_propImpl.xdc].
Resolution: To avoid this warning, move constraints listed in [.Xil/raw_link_buffer_layer0_propImpl.xdc] to another XDC file and exclude this new file from synthesis with the used_in_synthesis property (File Properties dialog in GUI) and re-run elaboration/synthesis.
Sourcing Tcl File [/opt/local/Xilinx/Vivado/2018.2/data/ip/xpm/xpm_cdc/tcl/xpm_cdc_sync_rst.tcl] for cell 'U0/inst_fifo_gen/gconvfifo.rf/grf.rf/rstblk/ngwrdrst.grst.g7serrst.gsckt_wrst.gic_rst.xpm_cdc_sync_rst_inst_wrst'
Finished Sourcing Tcl File [/opt/local/Xilinx/Vivado/2018.2/data/ip/xpm/xpm_cdc/tcl/xpm_cdc_sync_rst.tcl] for cell 'U0/inst_fifo_gen/gconvfifo.rf/grf.rf/rstblk/ngwrdrst.grst.g7serrst.gsckt_wrst.gic_rst.xpm_cdc_sync_rst_inst_wrst'
Sourcing Tcl File [/opt/local/Xilinx/Vivado/2018.2/data/ip/xpm/xpm_cdc/tcl/xpm_cdc_sync_rst.tcl] for cell 'U0/inst_fifo_gen/gconvfifo.rf/grf.rf/rstblk/ngwrdrst.grst.g7serrst.gsckt_wrst.xpm_cdc_sync_rst_inst_wrst'
Finished Sourcing Tcl File [/opt/local/Xilinx/Vivado/2018.2/data/ip/xpm/xpm_cdc/tcl/xpm_cdc_sync_rst.tcl] for cell 'U0/inst_fifo_gen/gconvfifo.rf/grf.rf/rstblk/ngwrdrst.grst.g7serrst.gsckt_wrst.xpm_cdc_sync_rst_inst_wrst'
Sourcing Tcl File [/opt/local/Xilinx/Vivado/2018.2/data/ip/xpm/xpm_cdc/tcl/xpm_cdc_sync_rst.tcl] for cell 'U0/inst_fifo_gen/gconvfifo.rf/grf.rf/rstblk/ngwrdrst.grst.g7serrst.gnrst_full.gsckt_bsy_o.xpm_cdc_sync_rst_sckt_bsy_o'
Finished Sourcing Tcl File [/opt/local/Xilinx/Vivado/2018.2/data/ip/xpm/xpm_cdc/tcl/xpm_cdc_sync_rst.tcl] for cell 'U0/inst_fifo_gen/gconvfifo.rf/grf.rf/rstblk/ngwrdrst.grst.g7serrst.gnrst_full.gsckt_bsy_o.xpm_cdc_sync_rst_sckt_bsy_o'
Completed Processing XDC Constraints

INFO: [Project 1-111] Unisim Transformation Summary:
No Unisim elements were transformed.

Constraint Validation Runtime : Time (s): cpu = 00:00:00.03 ; elapsed = 00:00:00.04 . Memory (MB): peak = 1987.676 ; gain = 0.004 ; free physical = 27171 ; free virtual = 176966
---------------------------------------------------------------------------------
Finished Constraint Validation : Time (s): cpu = 00:01:31 ; elapsed = 00:04:30 . Memory (MB): peak = 1987.676 ; gain = 636.188 ; free physical = 27264 ; free virtual = 177059
---------------------------------------------------------------------------------
---------------------------------------------------------------------------------
Start Loading Part and Timing Information
---------------------------------------------------------------------------------
Loading part: xc7vx690tffg1927-2
---------------------------------------------------------------------------------
Finished Loading Part and Timing Information : Time (s): cpu = 00:01:31 ; elapsed = 00:04:30 . Memory (MB): peak = 1987.676 ; gain = 636.188 ; free physical = 27264 ; free virtual = 177059
---------------------------------------------------------------------------------
---------------------------------------------------------------------------------
Start Applying 'set_property' XDC Constraints
---------------------------------------------------------------------------------
Applied set_property DONT_TOUCH = true for U0. (constraint file  /data/rrivera/CorrelatorTrigger/otsdaq-cms-firmware/tmux_regionizer/tmux_regionizer.runs/raw_link_buffer_layer0_synth_1/dont_touch.xdc, line 9).
Applied set_property DONT_TOUCH = true for U0/inst_fifo_gen/\gconvfifo.rf /\grf.rf /\gntv_or_sync_fifo.gcx.clkx /rd_pntr_cdc_inst. (constraint file  auto generated constraint, line ).
Applied set_property DONT_TOUCH = true for U0/inst_fifo_gen/\gconvfifo.rf /\grf.rf /\gntv_or_sync_fifo.gcx.clkx /wr_pntr_cdc_inst. (constraint file  auto generated constraint, line ).
Applied set_property DONT_TOUCH = true for U0/inst_fifo_gen/\gconvfifo.rf /\grf.rf /rstblk/\ngwrdrst.grst.g7serrst.gsckt_wrst.gic_rst.xpm_cdc_single_inst_rrst_wr . (constraint file  auto generated constraint, line ).
Applied set_property DONT_TOUCH = true for U0/inst_fifo_gen/\gconvfifo.rf /\grf.rf /rstblk/\ngwrdrst.grst.g7serrst.gsckt_wrst.gic_rst.xpm_cdc_single_inst_wrst_rd . (constraint file  auto generated constraint, line ).
Applied set_property DONT_TOUCH = true for U0/inst_fifo_gen/\gconvfifo.rf /\grf.rf /rstblk/\ngwrdrst.grst.g7serrst.gsckt_wrst.gic_rst.xpm_cdc_sync_rst_inst_wrst . (constraint file  auto generated constraint, line ).
Applied set_property DONT_TOUCH = true for U0/inst_fifo_gen/\gconvfifo.rf /\grf.rf /rstblk/\ngwrdrst.grst.g7serrst.gsckt_wrst.xpm_cdc_sync_rst_inst_wrst . (constraint file  auto generated constraint, line ).
Applied set_property DONT_TOUCH = true for U0/inst_fifo_gen/\gconvfifo.rf /\grf.rf /rstblk/\ngwrdrst.grst.g7serrst.gnrst_full.gsckt_bsy_o.xpm_cdc_sync_rst_sckt_bsy_o . (constraint file  auto generated constraint, line ).
---------------------------------------------------------------------------------
Finished applying 'set_property' XDC Constraints : Time (s): cpu = 00:01:31 ; elapsed = 00:04:30 . Memory (MB): peak = 1987.676 ; gain = 636.188 ; free physical = 27264 ; free virtual = 177059
---------------------------------------------------------------------------------
INFO: [Synth 8-5544] ROM "leaving_empty_fwft" won't be mapped to Block RAM because address size (2) smaller than threshold (5)
---------------------------------------------------------------------------------
Finished RTL Optimization Phase 2 : Time (s): cpu = 00:01:32 ; elapsed = 00:04:30 . Memory (MB): peak = 1987.676 ; gain = 636.188 ; free physical = 27255 ; free virtual = 177051
---------------------------------------------------------------------------------

Report RTL Partitions: 
+-+--------------+------------+----------+
| |RTL Partition |Replication |Instances |
+-+--------------+------------+----------+
+-+--------------+------------+----------+
---------------------------------------------------------------------------------
Start RTL Component Statistics 
---------------------------------------------------------------------------------
Detailed RTL Component Info : 
+---Adders : 
	   2 Input      9 Bit       Adders := 2     
+---XORs : 
	   2 Input      9 Bit         XORs := 2     
	   2 Input      1 Bit         XORs := 54    
+---Registers : 
	               64 Bit    Registers := 1     
	                9 Bit    Registers := 13    
	                5 Bit    Registers := 6     
	                4 Bit    Registers := 1     
	                3 Bit    Registers := 1     
	                2 Bit    Registers := 2     
	                1 Bit    Registers := 21    
+---Muxes : 
	   2 Input      2 Bit        Muxes := 4     
	   5 Input      2 Bit        Muxes := 1     
	   2 Input      1 Bit        Muxes := 6     
	   3 Input      1 Bit        Muxes := 1     
	   4 Input      1 Bit        Muxes := 2     
---------------------------------------------------------------------------------
Finished RTL Component Statistics 
---------------------------------------------------------------------------------
---------------------------------------------------------------------------------
Start RTL Hierarchical Component Statistics 
---------------------------------------------------------------------------------
Hierarchical RTL Component report 
Module xpm_cdc_sync_rst 
Detailed RTL Component Info : 
+---Registers : 
	                5 Bit    Registers := 1     
Module xpm_cdc_single 
Detailed RTL Component Info : 
+---Registers : 
	                5 Bit    Registers := 1     
Module xpm_cdc_sync_rst__parameterized0 
Detailed RTL Component Info : 
+---Registers : 
	                3 Bit    Registers := 1     
Module reset_blk_ramfifo 
Detailed RTL Component Info : 
+---Registers : 
	                4 Bit    Registers := 1     
	                2 Bit    Registers := 1     
	                1 Bit    Registers := 3     
Module blk_mem_gen_prim_width 
Detailed RTL Component Info : 
+---XORs : 
	   2 Input      1 Bit         XORs := 2     
+---Registers : 
	                5 Bit    Registers := 2     
	                1 Bit    Registers := 8     
Module memory 
Detailed RTL Component Info : 
+---Registers : 
	               64 Bit    Registers := 1     
Module xpm_cdc_gray 
Detailed RTL Component Info : 
+---XORs : 
	   2 Input      9 Bit         XORs := 1     
	   2 Input      1 Bit         XORs := 8     
+---Registers : 
	                9 Bit    Registers := 4     
Module rd_bin_cntr 
Detailed RTL Component Info : 
+---Adders : 
	   2 Input      9 Bit       Adders := 1     
+---Registers : 
	                9 Bit    Registers := 2     
Module compare 
Detailed RTL Component Info : 
+---XORs : 
	   2 Input      1 Bit         XORs := 9     
Module rd_status_flags_as 
Detailed RTL Component Info : 
+---Registers : 
	                1 Bit    Registers := 2     
+---Muxes : 
	   2 Input      1 Bit        Muxes := 1     
Module rd_fwft 
Detailed RTL Component Info : 
+---Registers : 
	                2 Bit    Registers := 1     
	                1 Bit    Registers := 6     
+---Muxes : 
	   2 Input      2 Bit        Muxes := 4     
	   5 Input      2 Bit        Muxes := 1     
	   3 Input      1 Bit        Muxes := 1     
	   2 Input      1 Bit        Muxes := 5     
	   4 Input      1 Bit        Muxes := 2     
Module wr_bin_cntr 
Detailed RTL Component Info : 
+---Adders : 
	   2 Input      9 Bit       Adders := 1     
+---Registers : 
	                9 Bit    Registers := 3     
Module wr_status_flags_as 
Detailed RTL Component Info : 
+---Registers : 
	                1 Bit    Registers := 2     
---------------------------------------------------------------------------------
Finished RTL Hierarchical Component Statistics
---------------------------------------------------------------------------------
---------------------------------------------------------------------------------
Start Part Resource Summary
---------------------------------------------------------------------------------
Part Resources:
DSPs: 3600 (col length:200)
BRAMs: 2940 (col length: RAMB18 200 RAMB36 100)
---------------------------------------------------------------------------------
Finished Part Resource Summary
---------------------------------------------------------------------------------
---------------------------------------------------------------------------------
Start Cross Boundary and Area Optimization
---------------------------------------------------------------------------------
Warning: Parallel synthesis criteria is not met 
---------------------------------------------------------------------------------
Finished Cross Boundary and Area Optimization : Time (s): cpu = 00:01:32 ; elapsed = 00:04:31 . Memory (MB): peak = 1987.676 ; gain = 636.188 ; free physical = 27239 ; free virtual = 177044
---------------------------------------------------------------------------------

Report RTL Partitions: 
+-+--------------+------------+----------+
| |RTL Partition |Replication |Instances |
+-+--------------+------------+----------+
+-+--------------+------------+----------+
---------------------------------------------------------------------------------
Start Applying XDC Timing Constraints
---------------------------------------------------------------------------------
---------------------------------------------------------------------------------
Finished Applying XDC Timing Constraints : Time (s): cpu = 00:01:38 ; elapsed = 00:04:44 . Memory (MB): peak = 1987.676 ; gain = 636.188 ; free physical = 27113 ; free virtual = 176918
---------------------------------------------------------------------------------
---------------------------------------------------------------------------------
Start Timing Optimization
---------------------------------------------------------------------------------
---------------------------------------------------------------------------------
Finished Timing Optimization : Time (s): cpu = 00:01:38 ; elapsed = 00:04:44 . Memory (MB): peak = 1987.676 ; gain = 636.188 ; free physical = 27112 ; free virtual = 176916
---------------------------------------------------------------------------------

Report RTL Partitions: 
+-+--------------+------------+----------+
| |RTL Partition |Replication |Instances |
+-+--------------+------------+----------+
+-+--------------+------------+----------+
---------------------------------------------------------------------------------
Start Technology Mapping
---------------------------------------------------------------------------------
---------------------------------------------------------------------------------
Finished Technology Mapping : Time (s): cpu = 00:01:38 ; elapsed = 00:04:44 . Memory (MB): peak = 1987.676 ; gain = 636.188 ; free physical = 27111 ; free virtual = 176916
---------------------------------------------------------------------------------

Report RTL Partitions: 
+-+--------------+------------+----------+
| |RTL Partition |Replication |Instances |
+-+--------------+------------+----------+
+-+--------------+------------+----------+
---------------------------------------------------------------------------------
Start IO Insertion
---------------------------------------------------------------------------------
---------------------------------------------------------------------------------
Start Flattening Before IO Insertion
---------------------------------------------------------------------------------
---------------------------------------------------------------------------------
Finished Flattening Before IO Insertion
---------------------------------------------------------------------------------
---------------------------------------------------------------------------------
Start Final Netlist Cleanup
---------------------------------------------------------------------------------
---------------------------------------------------------------------------------
Finished Final Netlist Cleanup
---------------------------------------------------------------------------------
---------------------------------------------------------------------------------
Finished IO Insertion : Time (s): cpu = 00:01:39 ; elapsed = 00:04:45 . Memory (MB): peak = 1987.676 ; gain = 636.188 ; free physical = 27111 ; free virtual = 176916
---------------------------------------------------------------------------------

Report Check Netlist: 
+------+------------------+-------+---------+-------+------------------+
|      |Item              |Errors |Warnings |Status |Description       |
+------+------------------+-------+---------+-------+------------------+
|1     |multi_driven_nets |      0|        0|Passed |Multi driven nets |
+------+------------------+-------+---------+-------+------------------+
---------------------------------------------------------------------------------
Start Renaming Generated Instances
---------------------------------------------------------------------------------
---------------------------------------------------------------------------------
Finished Renaming Generated Instances : Time (s): cpu = 00:01:39 ; elapsed = 00:04:45 . Memory (MB): peak = 1987.676 ; gain = 636.188 ; free physical = 27111 ; free virtual = 176916
---------------------------------------------------------------------------------

Report RTL Partitions: 
+-+--------------+------------+----------+
| |RTL Partition |Replication |Instances |
+-+--------------+------------+----------+
+-+--------------+------------+----------+
---------------------------------------------------------------------------------
Start Rebuilding User Hierarchy
---------------------------------------------------------------------------------
---------------------------------------------------------------------------------
Finished Rebuilding User Hierarchy : Time (s): cpu = 00:01:39 ; elapsed = 00:04:45 . Memory (MB): peak = 1987.676 ; gain = 636.188 ; free physical = 27111 ; free virtual = 176916
---------------------------------------------------------------------------------
---------------------------------------------------------------------------------
Start Renaming Generated Ports
---------------------------------------------------------------------------------
---------------------------------------------------------------------------------
Finished Renaming Generated Ports : Time (s): cpu = 00:01:39 ; elapsed = 00:04:45 . Memory (MB): peak = 1987.676 ; gain = 636.188 ; free physical = 27111 ; free virtual = 176916
---------------------------------------------------------------------------------
---------------------------------------------------------------------------------
Start Handling Custom Attributes
---------------------------------------------------------------------------------
---------------------------------------------------------------------------------
Finished Handling Custom Attributes : Time (s): cpu = 00:01:39 ; elapsed = 00:04:45 . Memory (MB): peak = 1987.676 ; gain = 636.188 ; free physical = 27111 ; free virtual = 176916
---------------------------------------------------------------------------------
---------------------------------------------------------------------------------
Start Renaming Generated Nets
---------------------------------------------------------------------------------
---------------------------------------------------------------------------------
Finished Renaming Generated Nets : Time (s): cpu = 00:01:39 ; elapsed = 00:04:45 . Memory (MB): peak = 1987.676 ; gain = 636.188 ; free physical = 27111 ; free virtual = 176916
---------------------------------------------------------------------------------
---------------------------------------------------------------------------------
Start ROM, RAM, DSP and Shift Register Reporting
---------------------------------------------------------------------------------

Static Shift Register Report:
+-----------------------+------------------------------------------------------------------------------------------------------------------------------------------------------------------------------------------------------------+--------+-------+--------------+--------------------+-------------------+--------+---------+
|Module Name            | RTL Name                                                                                                                                                                                                   | Length | Width | Reset Signal | Pull out first Reg | Pull out last Reg | SRL16E | SRLC32E | 
+-----------------------+------------------------------------------------------------------------------------------------------------------------------------------------------------------------------------------------------------+--------+-------+--------------+--------------------+-------------------+--------+---------+
|fifo_generator_v13_2_2 | inst_fifo_gen/gconvfifo.rf/grf.rf/gntv_or_sync_fifo.mem/gbm.gbmg.gbmga.ngecc.bmg/inst_blk_mem_gen/gnbram.gnativebmg.native_blk_mem_gen/valid.cstr/ramloop[0].ram.r/SAFETY_CKT_GEN.RSTA_SHFT_REG_reg[4]     | 4      | 2     | NO           | NO                 | YES               | 2      | 0       | 
|fifo_generator_v13_2_2 | inst_fifo_gen/gconvfifo.rf/grf.rf/gntv_or_sync_fifo.mem/gbm.gbmg.gbmga.ngecc.bmg/inst_blk_mem_gen/gnbram.gnativebmg.native_blk_mem_gen/valid.cstr/ramloop[0].ram.r/SAFETY_CKT_GEN.ENA_NO_REG.ENA_dly_D_reg | 3      | 1     | NO           | NO                 | YES               | 1      | 0       | 
+-----------------------+------------------------------------------------------------------------------------------------------------------------------------------------------------------------------------------------------------+--------+-------+--------------+--------------------+-------------------+--------+---------+

---------------------------------------------------------------------------------
Finished ROM, RAM, DSP and Shift Register Reporting
---------------------------------------------------------------------------------
---------------------------------------------------------------------------------
Start Writing Synthesis Report
---------------------------------------------------------------------------------

Report BlackBoxes: 
+-+--------------+----------+
| |BlackBox name |Instances |
+-+--------------+----------+
+-+--------------+----------+

Report Cell Usage: 
+------+---------+------+
|      |Cell     |Count |
+------+---------+------+
|1     |LUT1     |     2|
|2     |LUT2     |    32|
|3     |LUT3     |    12|
|4     |LUT4     |    30|
|5     |LUT5     |     5|
|6     |LUT6     |     9|
|7     |MUXCY    |    20|
|8     |RAMB36E1 |     1|
|9     |SRL16E   |     3|
|10    |FDRE     |   222|
|11    |FDSE     |    11|
+------+---------+------+

Report Instance Areas: 
+------+----------------------------------------------------------------------------------------+---------------------------------+------+
|      |Instance                                                                                |Module                           |Cells |
+------+----------------------------------------------------------------------------------------+---------------------------------+------+
|1     |top                                                                                     |                                 |   347|
|2     |  U0                                                                                    |fifo_generator_v13_2_2           |   347|
|3     |    inst_fifo_gen                                                                       |fifo_generator_v13_2_2_synth     |   347|
|4     |      \gconvfifo.rf                                                                     |fifo_generator_top               |   347|
|5     |        \grf.rf                                                                         |fifo_generator_ramfifo           |   347|
|6     |          \gntv_or_sync_fifo.gcx.clkx                                                   |clk_x_pntrs                      |   114|
|7     |            wr_pntr_cdc_inst                                                            |xpm_cdc_gray__1                  |    52|
|8     |            rd_pntr_cdc_inst                                                            |xpm_cdc_gray                     |    52|
|9     |          \gntv_or_sync_fifo.gl0.rd                                                     |rd_logic                         |    65|
|10    |            \gr1.gr1_int.rfwft                                                          |rd_fwft                          |    16|
|11    |            \gras.rsts                                                                  |rd_status_flags_as               |    13|
|12    |              c0                                                                        |compare_1                        |     6|
|13    |              c1                                                                        |compare_2                        |     5|
|14    |            rpntr                                                                       |rd_bin_cntr                      |    36|
|15    |          \gntv_or_sync_fifo.gl0.wr                                                     |wr_logic                         |    53|
|16    |            \gwas.wsts                                                                  |wr_status_flags_as               |    14|
|17    |              c1                                                                        |compare                          |     6|
|18    |              c2                                                                        |compare_0                        |     5|
|19    |            wpntr                                                                       |wr_bin_cntr                      |    39|
|20    |          \gntv_or_sync_fifo.mem                                                        |memory                           |    79|
|21    |            \gbm.gbmg.gbmga.ngecc.bmg                                                   |blk_mem_gen_v8_4_1               |    15|
|22    |              inst_blk_mem_gen                                                          |blk_mem_gen_v8_4_1_synth         |    15|
|23    |                \gnbram.gnativebmg.native_blk_mem_gen                                   |blk_mem_gen_top                  |    15|
|24    |                  \valid.cstr                                                           |blk_mem_gen_generic_cstr         |    15|
|25    |                    \ramloop[0].ram.r                                                   |blk_mem_gen_prim_width           |    15|
|26    |                      \prim_noinit.ram                                                  |blk_mem_gen_prim_wrapper         |     2|
|27    |          rstblk                                                                        |reset_blk_ramfifo                |    36|
|28    |            \ngwrdrst.grst.g7serrst.gsckt_wrst.xpm_cdc_sync_rst_inst_wrst               |xpm_cdc_sync_rst__1              |     5|
|29    |            \ngwrdrst.grst.g7serrst.gsckt_wrst.gic_rst.xpm_cdc_sync_rst_inst_wrst       |xpm_cdc_sync_rst                 |     5|
|30    |            \ngwrdrst.grst.g7serrst.gsckt_wrst.gic_rst.xpm_cdc_single_inst_wrst_rd      |xpm_cdc_single__1                |     5|
|31    |            \ngwrdrst.grst.g7serrst.gsckt_wrst.gic_rst.xpm_cdc_single_inst_rrst_wr      |xpm_cdc_single                   |     5|
|32    |            \ngwrdrst.grst.g7serrst.gnrst_full.gsckt_bsy_o.xpm_cdc_sync_rst_sckt_bsy_o  |xpm_cdc_sync_rst__parameterized0 |     3|
+------+----------------------------------------------------------------------------------------+---------------------------------+------+
---------------------------------------------------------------------------------
Finished Writing Synthesis Report : Time (s): cpu = 00:01:39 ; elapsed = 00:04:45 . Memory (MB): peak = 1987.676 ; gain = 636.188 ; free physical = 27111 ; free virtual = 176916
---------------------------------------------------------------------------------
Synthesis finished with 0 errors, 0 critical warnings and 469 warnings.
Synthesis Optimization Runtime : Time (s): cpu = 00:01:05 ; elapsed = 00:01:57 . Memory (MB): peak = 1987.676 ; gain = 311.152 ; free physical = 27166 ; free virtual = 176971
Synthesis Optimization Complete : Time (s): cpu = 00:01:39 ; elapsed = 00:04:45 . Memory (MB): peak = 1987.676 ; gain = 636.188 ; free physical = 27166 ; free virtual = 176971
INFO: [Project 1-571] Translating synthesized netlist
INFO: [Netlist 29-17] Analyzing 21 Unisim elements for replacement
INFO: [Netlist 29-28] Unisim Transformation completed in 0 CPU seconds
INFO: [Project 1-570] Preparing netlist for logic optimization
INFO: [Opt 31-138] Pushed 0 inverter(s) to 0 load pin(s).
INFO: [Project 1-111] Unisim Transformation Summary:
  A total of 8 instances were transformed.
  (MUXCY,XORCY) => CARRY4: 8 instances

INFO: [Common 17-83] Releasing license: Synthesis
31 Infos, 100 Warnings, 0 Critical Warnings and 0 Errors encountered.
synth_design completed successfully
synth_design: Time (s): cpu = 00:01:41 ; elapsed = 00:04:46 . Memory (MB): peak = 2017.691 ; gain = 689.785 ; free physical = 27145 ; free virtual = 176950
WARNING: [Constraints 18-5210] No constraint will be written out.
INFO: [Common 17-1381] The checkpoint '/data/rrivera/CorrelatorTrigger/otsdaq-cms-firmware/tmux_regionizer/tmux_regionizer.runs/raw_link_buffer_layer0_synth_1/raw_link_buffer_layer0.dcp' has been generated.
